2017-04-02 11:23:48.993000 #general @A Nifty Radiator#3018: -channellogger
2017-04-02 11:23:49.396000 #general @Nifty Bot#6632: Logging enabled for #general
2017-04-02 13:21:27.497000 #general @A Nifty Radiator#3018: -insult xx Itz Shit Face xx
2017-04-02 13:21:27.738000 #general @Nifty Bot#6632: ```
-insult [user]

Insult the user

```
2017-04-02 13:21:45.539000 #general @A Nifty Radiator#3018: -insult A Nifty Creed
2017-04-02 13:21:45.824000 #general @Nifty Bot#6632: ```
-insult [user]

Insult the user

```
2017-04-02 13:22:13.058000 #general @A Nifty Radiator#3018: -insult A Nifty Creed#0964
2017-04-02 13:22:13.213000 #general @Nifty Bot#6632: ```
-insult [user]

Insult the user

```
2017-04-02 13:22:26.517000 #general @A Nifty Radiator#3018: -insult Joe
2017-04-02 13:22:26.758000 #general @Nifty Bot#6632: @Joe Your birth certificate is an apology from the abortion clinic.
2017-04-02 13:25:04.041000 #general @A Nifty Radiator#3018: -insult Totalynotat
2017-04-02 13:25:04.453000 #general @Nifty Bot#6632: @Potatoe Mk.2 I'm no proctologist, but I know an asshole when I see one.
2017-04-02 13:25:40.342000 #general @A Nifty Radiator#3018: -insult A Nifty Creed
2017-04-02 13:25:40.665000 #general @Nifty Bot#6632: ```
-insult [user]

Insult the user

```
2017-04-02 19:44:02.942000 #general @A Nifty Radiator#3018: -insult joe
2017-04-02 19:44:03.472000 #general @Nifty Bot#6632: ```
-insult [user]

Insult the user

```
2017-04-02 19:44:17.804000 #general @A Nifty Radiator#3018: -insult Joe
2017-04-02 19:44:18.113000 #general @Nifty Bot#6632: @Joe You look like a before picture.
2017-04-03 14:14:36.267000 #general @A Nifty Creed#0964: -insult beaverguy666
2017-04-03 14:14:36.806000 #general @Nifty Bot#6632: ```
-insult [user]

Insult the user

```
2017-04-03 14:15:09.874000 #general @A Nifty Creed#0964: -insult stevo
2017-04-03 14:15:11.749000 #general @Nifty Bot#6632: ```
-insult [user]

Insult the user

```
2017-04-03 15:11:32.314000 #general @A Nifty Radiator#3018: $summon
2017-04-03 15:12:18.067000 #general @A Nifty Creed#0964: -insult @Joe
2017-04-03 15:12:18.591000 #general @Nifty Bot#6632: @Joe I was pro life before I met you.
2017-04-03 15:12:39.823000 #general @A Nifty Creed#0964: -insult @Callum
2017-04-03 15:12:40.049000 #general @Nifty Bot#6632: @Callum You have two brains cells, one is lost and the other is out looking for it.
2017-04-03 15:13:14.309000 #general @A Nifty Radiator#3018: -insult Joe
2017-04-03 15:13:14.766000 #general @Nifty Bot#6632: @Joe I'm sorry I didn't get that - I don't speak idiot.
2017-04-03 15:13:52.499000 #general @A Nifty Radiator#3018: -insult @A Nifty Creed
2017-04-03 15:13:52.782000 #general @Nifty Bot#6632: @A Nifty Creed You're so fat your shadow weighs 35 pounds.
2017-04-03 15:14:15.512000 #general @A Nifty Radiator#3018: -insult DickStar_
2017-04-03 15:14:15.807000 #general @Nifty Bot#6632: @DickStar_ I tried to see things from your perspective, but I couldn't seem to shove my head that far up my ass.
2017-04-03 15:16:23.990000 #general @A Nifty Radiator#3018: -heist play
2017-04-03 15:16:26.438000 #general @Nifty Bot#6632: You do not have enough credits to cover the costs of entry. You need 100 credits to participate.
2017-04-03 15:16:33.680000 #general @A Nifty Radiator#3018: -payday
2017-04-03 15:16:33.831000 #general @Nifty Bot#6632: @A Nifty Radiator Here, take some credits. Enjoy! (+120 credits!)
2017-04-03 15:16:37.990000 #general @A Nifty Creed#0964: -payday
2017-04-03 15:16:38.354000 #general @Nifty Bot#6632: @A Nifty Creed You need an account to receive credits. Type `-bank register` to open one.
2017-04-03 15:16:38.911000 #general @A Nifty Radiator#3018: -heist play
2017-04-03 15:16:39.145000 #general @Nifty Bot#6632: A heist is being planned by A Nifty Radiator
The heist will begin in 20 seconds. Type -heist play to join their crew.
2017-04-03 15:16:48.248000 #general @A Nifty Creed#0964: -bank register
2017-04-03 15:16:48.753000 #general @Nifty Bot#6632: @A Nifty Creed Account opened. Current balance: 0
2017-04-03 15:16:54.564000 #general @A Nifty Creed#0964: -payday
2017-04-03 15:16:54.984000 #general @Nifty Bot#6632: @A Nifty Creed Here, take some credits. Enjoy! (+120 credits!)
2017-04-03 15:16:55.632000 #general @A Nifty Radiator#3018: ben heist playu
2017-04-03 15:16:59.328000 #general @Nifty Bot#6632: You tried to rally a crew, but no one wanted to follow you. The heist has been cancelled.
2017-04-03 15:17:03.249000 #general @A Nifty Radiator#3018: ...
2017-04-03 15:17:14.262000 #general @A Nifty Radiator#3018: -heist play
2017-04-03 15:17:14.617000 #general @Nifty Bot#6632: You do not have enough credits to cover the costs of entry. You need 100 credits to participate.
2017-04-03 15:17:18.458000 #general @A Nifty Radiator#3018: -payday
2017-04-03 15:17:18.658000 #general @Nifty Bot#6632: @A Nifty Radiator Too soon. For your next payday you have to wait 4 minutes, 15 seconds.
2017-04-03 15:17:42.206000 #general @A Nifty Radiator#3018: ben do -heist play
2017-04-03 15:17:51.291000 #general @A Nifty Creed#0964: -heist play
2017-04-03 15:17:51.589000 #general @Nifty Bot#6632: A heist is being planned by A Nifty Creed
The heist will begin in 20 seconds. Type -heist play to join their crew.
2017-04-03 15:17:55.652000 #general @A Nifty Radiator#3018: -heist play
2017-04-03 15:17:56.484000 #general @Nifty Bot#6632: `Error in command 'heist play' - PermissionError: [WinError 5] Access is denied: 'data/JumperCogs/heist/heist-2751.tmp' -> 'data/JumperCogs/heist/heist.json'`
2017-04-03 15:18:08.894000 #general @A Nifty Radiator#3018: -heist play
2017-04-03 15:18:09.073000 #general @Nifty Bot#6632: You do not have enough credits to cover the costs of entry. You need 100 credits to participate.
2017-04-03 15:18:11.902000 #general @Nifty Bot#6632: You tried to rally a crew, but no one wanted to follow you. The heist has been cancelled.
2017-04-03 15:18:18.944000 #general @A Nifty Creed#0964: -bank
2017-04-03 15:18:19.182000 #general @Nifty Bot#6632: ```
-bank

Bank operations

Commands:
  balance  Shows balance of user.
  register Registers an account at the Twentysix bank
  transfer Transfer credits to other users

Type -bank command for more info on a command.
You can also type -bank category for more info on a category.
```
2017-04-03 15:18:31.614000 #general @A Nifty Creed#0964: -bank balance
2017-04-03 15:18:31.818000 #general @Nifty Bot#6632: @A Nifty Creed Your balance is: 20
2017-04-03 15:18:38.122000 #general @A Nifty Radiator#3018: -bank balance
2017-04-03 15:18:38.352000 #general @Nifty Bot#6632: @A Nifty Radiator Your balance is: 40
2017-04-03 15:18:41.095000 #general @A Nifty Radiator#3018: ey
2017-04-03 15:18:47.527000 #general @A Nifty Creed#0964: -bank catagory
2017-04-03 15:18:47.868000 #general @Nifty Bot#6632: ```
-bank

Bank operations

Commands:
  balance  Shows balance of user.
  register Registers an account at the Twentysix bank
  transfer Transfer credits to other users

Type -bank command for more info on a command.
You can also type -bank category for more info on a category.
```
2017-04-03 15:18:57.870000 #general @A Nifty Creed#0964: -bank command
2017-04-03 15:18:58.139000 #general @Nifty Bot#6632: ```
-bank

Bank operations

Commands:
  balance  Shows balance of user.
  register Registers an account at the Twentysix bank
  transfer Transfer credits to other users

Type -bank command for more info on a command.
You can also type -bank category for more info on a category.
```
2017-04-03 15:19:26.606000 #general @A Nifty Creed#0964: -bank command balence
2017-04-03 15:19:26.850000 #general @Nifty Bot#6632: ```
-bank

Bank operations

Commands:
  balance  Shows balance of user.
  register Registers an account at the Twentysix bank
  transfer Transfer credits to other users

Type -bank command for more info on a command.
You can also type -bank category for more info on a category.
```
2017-04-03 15:53:13.802000 #general @A Nifty Radiator#3018: -payday
2017-04-03 15:53:14.672000 #general @Nifty Bot#6632: @A Nifty Radiator Here, take some credits. Enjoy! (+120 credits!)
2017-04-03 15:57:49.259000 #general @A Nifty Radiator#3018: -bank balance
2017-04-03 15:57:49.628000 #general @Nifty Bot#6632: @A Nifty Radiator Your balance is: 160
2017-04-03 15:59:35.989000 #general @A Nifty Radiator#3018: -bank balance
2017-04-03 15:59:51.942000 #general @Nifty Bot#6632: @A Nifty Radiator Your balance is: 160000000000000000000000000000000000000000000000000000000000000000000000000000000000
2017-04-03 16:24:37.636000 #general @A Nifty Creed#0964: -bank balance
2017-04-03 16:24:37.966000 #general @Nifty Bot#6632: @A Nifty Creed Your balance is: 200000000000000000000000000000000000
2017-04-03 16:24:46.129000 #general @A Nifty Creed#0964: -heist play
2017-04-03 16:24:46.560000 #general @Nifty Bot#6632: A heist is being planned by A Nifty Creed
The heist will begin in 20 seconds. Type -heist play to join their crew.
2017-04-03 16:24:51.610000 #general @A Nifty Radiator#3018: -heist play
2017-04-03 16:24:51.936000 #general @Nifty Bot#6632: A Nifty Radiator has joined the crew.
The crew now has 2 members.
2017-04-03 16:25:06.956000 #general @Nifty Bot#6632: `Error in command 'heist play' - PermissionError: [WinError 5] Access is denied: 'data/JumperCogs/heist/heist-4024.tmp' -> 'data/JumperCogs/heist/heist.json'`
2017-04-03 16:30:24.156000 #general @A Nifty Radiator#3018: -heists
2017-04-03 16:30:27.611000 #general @A Nifty Radiator#3018: -heist
2017-04-03 16:30:27.813000 #general @Nifty Bot#6632: ```
-heist

General heist related commands

Commands:
  bailout      Specify who you want to pay for release. Defaults to you.
  clear        Clears a member of jail and death statuses.
  createtarget Add a target to heist
  edittarget   Edits a heist target
  info         Shows the Heist settings for this server.
  play         This begins a Heist
  release      Removes you from jail or clears bail status if sentence served.
  remove       Remove a target from the heist list
  reset        Resets heist in case it hangs
  revive       Revive from the dead!
  stats        Shows your Heist stats
  targets      Shows a list of targets
  theme        Sets the theme for heist
  themes       Sets the theme for heist
  version      Shows the version of heist you are running

Type -heist command for more info on a command.
You can also type -heist category for more info on a category.
```
2017-04-03 16:30:41.978000 #general @A Nifty Radiator#3018: -heist targets
2017-04-03 16:30:44.203000 #general @Nifty Bot#6632: ```Python
Target      Max Group    vault  Success Rate
--------  -----------  -------  --------------
Mlg Bank            4   100000  25%```
2017-04-03 16:32:46.983000 #general @A Nifty Radiator#3018: -heist targets
2017-04-03 16:32:48.944000 #general @Nifty Bot#6632: ```Python
Target      Max Group    vault  Success Rate
--------  -----------  -------  --------------
Mlg Bank            4   100000  25%```
2017-04-03 16:33:07.770000 #general @A Nifty Radiator#3018: -heist edittarget
2017-04-03 16:33:07.995000 #general @Nifty Bot#6632: ```
-heist edittarget <target>

Edits a heist target

```
2017-04-03 16:33:19.182000 #general @A Nifty Radiator#3018: -heist edittarget Mlg Bank
2017-04-03 16:33:19.527000 #general @Nifty Bot#6632: `Error in command 'heist edittarget' - PermissionError: [WinError 5] Access is denied: 'data/JumperCogs/heist/heist-2133.tmp' -> 'data/JumperCogs/heist/heist.json'`
2017-04-03 16:34:55.605000 #general @A Nifty Radiator#3018: -heist
2017-04-03 16:34:55.977000 #general @Nifty Bot#6632: ```
-heist

General heist related commands

Commands:
  bailout      Specify who you want to pay for release. Defaults to you.
  clear        Clears a member of jail and death statuses.
  createtarget Add a target to heist
  edittarget   Edits a heist target
  info         Shows the Heist settings for this server.
  play         This begins a Heist
  release      Removes you from jail or clears bail status if sentence served.
  remove       Remove a target from the heist list
  reset        Resets heist in case it hangs
  revive       Revive from the dead!
  stats        Shows your Heist stats
  targets      Shows a list of targets
  theme        Sets the theme for heist
  themes       Sets the theme for heist
  version      Shows the version of heist you are running

Type -heist command for more info on a command.
You can also type -heist category for more info on a category.
```
2017-04-03 16:35:01.630000 #general @A Nifty Radiator#3018: -hesit version
2017-04-03 16:35:10.466000 #general @A Nifty Radiator#3018: -heist version
2017-04-03 16:35:10.733000 #general @Nifty Bot#6632: You are running Heist version 2.2.13.
2017-04-03 16:36:27.686000 #general @A Nifty Radiator#3018: -heist reset
2017-04-03 16:36:28.296000 #general @Nifty Bot#6632: ```Heist has been reset```
2017-04-03 16:36:32.786000 #general @A Nifty Radiator#3018: -heist play
2017-04-03 16:36:32.993000 #general @Nifty Bot#6632: You are dead. You can revive in:
24 hours
Use the command -heist revive when the timer has expired.
2017-04-03 17:37:48.832000 #general @A Nifty Radiator#3018: -heist revive
2017-04-03 17:37:49.088000 #general @Nifty Bot#6632: You can't revive yet. You still need to wait:
```23 hours, and 42 seconds```
2017-04-04 14:27:44.303000 #general @A Nifty Radiator#3018: -heist clear
2017-04-04 14:27:47.662000 #general @Nifty Bot#6632: ```
-heist clear <user>

Clears a member of jail and death statuses.

```
2017-04-04 14:27:57.971000 #general @A Nifty Radiator#3018: -heist clear A Nifty Radiator
2017-04-04 14:27:58.245000 #general @Nifty Bot#6632: ```
-heist clear <user>

Clears a member of jail and death statuses.

```
2017-04-04 14:30:24.515000 #general @Nifty Bot#6632: Welcome A Nifty Radiator to A Nifty Discord!
2017-04-04 14:31:13.759000 #general @fatbisquitsx#1239: Thanks @A Nifty Radiator
2017-04-04 14:31:28.214000 #general @A Nifty Radiator#3018: k
2017-04-04 14:31:44.377000 #general @A Nifty Radiator#3018: -bank
2017-04-04 14:31:45.110000 #general @Nifty Bot#6632: ```
-bank

Bank operations

Commands:
  balance  Shows balance of user.
  register Registers an account at the Twentysix bank
  reset    Deletes all server's bank accounts
  set      Sets credits of user's bank account. See help for more operations
  transfer Transfer credits to other users

Type -bank command for more info on a command.
You can also type -bank category for more info on a category.
```
2017-04-04 14:31:56.341000 #general @A Nifty Radiator#3018: connor do -bank register
2017-04-04 14:31:56.341000 #general @A Nifty Radiator#3018: EDIT: 
Before: connor do -bank register
After: @fatbisquitsx  do -bank register
2017-04-04 15:40:59.064000 #general @A Nifty Radiator#3018: -repeat Norton Gaming Edition Only Has One Button, It's Uninstall.
2017-04-04 15:40:59.385000 #general @Nifty Bot#6632: Norton Gaming Edition Only Has One Button, It's Uninstall.
2017-04-04 16:51:07.882000 #general @A Nifty Radiator#3018: .pause
2017-04-04 16:51:08.194000 #general @Bran#2519: The player is now paused. Use `.pause` again to resume.
2017-04-04 17:22:18.924000 #general @A Nifty Radiator#3018: .pause
2017-04-04 17:22:19.301000 #general @Bran#2519: The player is no longer paused.
2017-04-04 17:23:19.197000 #general @A Nifty Radiator#3018: .pause
2017-04-04 17:23:19.529000 #general @Bran#2519: The player is now paused. Use `.pause` again to resume.
2017-04-05 20:54:39.849000 #general @A Nifty Radiator#3018: 
2017-04-07 16:20:36.428000 #general @Totalynotat#8537: .............................................
2017-04-07 16:20:49.819000 #general @A Nifty Radiator#3018: what
2017-04-08 08:07:41.235000 #general @A Nifty Radiator#3018: #help
2017-04-08 08:22:40.731000 #general @A Nifty Radiator#3018: -contact
2017-04-08 08:22:41.219000 #general @Nifty Bot#6632: ```
-contact <message>

Sends message to the owner

```
2017-04-08 08:23:03.508000 #general @A Nifty Radiator#3018: -say A Nifty Radiator Is The Owner
2017-04-08 08:23:03.769000 #general @Nifty Bot#6632: A Nifty Radiator Is The Owner
2017-04-08 15:27:03.379000 #general @A Nifty Radiator#3018: -microwave
2017-04-08 15:27:22.273000 #general @Nifty Bot#6632: 
2017-04-08 16:01:39.823000 #general @A Nifty Radiator#3018: -say I'll Be Going Down For Maintenance Shortly
2017-04-08 16:01:40.066000 #general @Nifty Bot#6632: I'll Be Going Down For Maintenance Shortly
2017-04-08 16:38:43.112000 #general @A Nifty Radiator#3018: -say I'm Back
2017-04-08 16:38:44.471000 #general @Nifty Bot#6632: I'm Back
